<?xml version="1.0" encoding="UTF-8"?>
<!-- Generated by org.testng.reporters.JUnitReportReporter -->
<testsuite skipped="0" hostname="LAPTOP-OAVT6C6D" name="tulam.ApiDemos.App_TestCase" tests="1" failures="0" timestamp="3 Nov 2020 07:27:47 GMT" time="18.768" errors="0">
  <testcase name="actionBarTabs" time="18.768" classname="tulam.ApiDemos.App_TestCase"/>
</testsuite> <!-- tulam.ApiDemos.App_TestCase -->
