<?xml version="1.0" encoding="UTF-8"?>
<!-- Generated by org.testng.reporters.JUnitReportReporter -->
<testsuite skipped="0" hostname="LAPTOP-OAVT6C6D" name="tulam.ApiDemos.Accessibility_testcase" tests="1" failures="0" timestamp="29 Oct 2020 10:41:30 GMT" time="21.411" errors="0">
  <testcase name="accessibility" time="21.411" classname="tulam.ApiDemos.Accessibility_testcase"/>
</testsuite> <!-- tulam.ApiDemos.Accessibility_testcase -->
