<?xml version="1.0" encoding="UTF-8"?>
<!-- Generated by org.testng.reporters.JUnitReportReporter -->
<testsuite skipped="0" hostname="LAPTOP-OAVT6C6D" name="tulam.ApiDemos.Animation_Testcase" tests="1" failures="0" timestamp="2 Nov 2020 09:02:56 GMT" time="15.119" errors="0">
  <testcase name="viewflip" time="15.119" classname="tulam.ApiDemos.Animation_Testcase"/>
</testsuite> <!-- tulam.ApiDemos.Animation_Testcase -->
