<?xml version="1.0" encoding="UTF-8"?>
<!-- Generated by org.testng.reporters.JUnitReportReporter -->
<testsuite skipped="0" hostname="LAPTOP-OAVT6C6D" name="tulam.ApiDemos.apidemos_testcase" tests="1" failures="0" timestamp="29 Oct 2020 10:32:40 GMT" time="19.897" errors="0">
  <testcase name="accessibility" time="19.897" classname="tulam.ApiDemos.apidemos_testcase"/>
</testsuite> <!-- tulam.ApiDemos.apidemos_testcase -->
